\BOOKMARK [1][-]{section*.1}{\376\377\000A\000b\000s\000t\000r\000a\000c\000t}{}% 1
\BOOKMARK [1][-]{section*.1}{\376\377\000K\000e\000y\000w\000o\000r\000d\000s}{}% 2
\BOOKMARK [1][-]{section*.2}{\376\377\000C\000h\000a\000p\000t\000e\000r\000\040\0001\000:\000\040\000I\000n\000t\000r\000o\000d\000u\000c\000t\000i\000o\000n}{}% 3
\BOOKMARK [2][-]{subsection.1.1}{\376\377\000B\000a\000c\000k\000g\000r\000o\000u\000n\000d\000\040\000a\000n\000d\000\040\000M\000o\000t\000i\000v\000a\000t\000i\000o\000n}{section*.2}% 4
\BOOKMARK [2][-]{subsection.1.2}{\376\377\000P\000r\000o\000b\000l\000e\000m\000\040\000S\000t\000a\000t\000e\000m\000e\000n\000t}{section*.2}% 5
\BOOKMARK [2][-]{subsection.1.3}{\376\377\000R\000e\000s\000e\000a\000r\000c\000h\000\040\000O\000b\000j\000e\000c\000t\000i\000v\000e\000s}{section*.2}% 6
\BOOKMARK [2][-]{subsection.1.4}{\376\377\000S\000c\000o\000p\000e\000\040\000a\000n\000d\000\040\000A\000s\000s\000u\000m\000p\000t\000i\000o\000n\000s}{section*.2}% 7
\BOOKMARK [2][-]{subsection.1.5}{\376\377\000C\000o\000n\000t\000r\000i\000b\000u\000t\000i\000o\000n\000s}{section*.2}% 8
\BOOKMARK [2][-]{subsection.1.6}{\376\377\000R\000e\000p\000o\000r\000t\000\040\000O\000r\000g\000a\000n\000i\000s\000a\000t\000i\000o\000n}{section*.2}% 9
\BOOKMARK [1][-]{section*.3}{\376\377\000C\000h\000a\000p\000t\000e\000r\000\040\0002\000:\000\040\000B\000a\000c\000k\000g\000r\000o\000u\000n\000d}{}% 10
\BOOKMARK [2][-]{subsection.2.1}{\376\377\000N\000e\000t\000w\000o\000r\000k\000\040\000S\000l\000i\000c\000i\000n\000g\000\040\000A\000r\000c\000h\000i\000t\000e\000c\000t\000u\000r\000e\000\040\000a\000n\000d\000\040\000R\000e\000s\000o\000u\000r\000c\000e\000\040\000M\000a\000n\000a\000g\000e\000m\000e\000n\000t\000\040\000M\000o\000d\000e\000l\000s}{section*.3}% 11
\BOOKMARK [2][-]{subsection.2.2}{\376\377\000S\000L\000A\000-\000A\000w\000a\000r\000e\000\040\000S\000c\000h\000e\000d\000u\000l\000i\000n\000g\000\040\000a\000n\000d\000\040\000T\000w\000o\000-\000T\000i\000e\000r\000\040\000C\000o\000n\000t\000r\000o\000l\000\040\000M\000e\000c\000h\000a\000n\000i\000s\000m\000s}{section*.3}% 12
\BOOKMARK [2][-]{subsection.2.3}{\376\377\000L\000L\000M\000-\000B\000a\000s\000e\000d\000\040\000A\000g\000e\000n\000t\000\040\000F\000r\000a\000m\000e\000w\000o\000r\000k\000s\000\040\000i\000n\000\040\000N\000e\000t\000w\000o\000r\000k\000\040\000M\000a\000n\000a\000g\000e\000m\000e\000n\000t}{section*.3}% 13
\BOOKMARK [3][-]{subsubsection.2.3.1}{\376\377\000P\000r\000o\000m\000p\000t\000\040\000E\000n\000g\000i\000n\000e\000e\000r\000i\000n\000g\000\040\000a\000n\000d\000\040\000A\000g\000e\000n\000t\000\040\000W\000o\000r\000k\000f\000l\000o\000w\000\040\000R\000o\000u\000t\000e}{subsection.2.3}% 14
\BOOKMARK [3][-]{subsubsection.2.3.2}{\376\377\000P\000a\000r\000a\000m\000e\000t\000e\000r\000\040\000F\000i\000n\000e\000-\000T\000u\000n\000i\000n\000g\000\040\000R\000o\000u\000t\000e}{subsection.2.3}% 15
\BOOKMARK [3][-]{subsubsection.2.3.3}{\376\377\000C\000l\000o\000u\000d\000-\000E\000d\000g\000e\000\040\000C\000o\000l\000l\000a\000b\000o\000r\000a\000t\000i\000o\000n\000\040\000R\000o\000u\000t\000e}{subsection.2.3}% 16
\BOOKMARK [3][-]{subsubsection.2.3.4}{\376\377\000S\000u\000m\000m\000a\000r\000y}{subsection.2.3}% 17
\BOOKMARK [2][-]{subsection.2.4}{\376\377\000M\000u\000l\000t\000i\000-\000A\000g\000e\000n\000t\000\040\000C\000o\000o\000r\000d\000i\000n\000a\000t\000i\000o\000n\000\040\000a\000n\000d\000\040\000N\000e\000g\000o\000t\000i\000a\000t\000i\000o\000n\000\040\000M\000e\000c\000h\000a\000n\000i\000s\000m\000s}{section*.3}% 18
\BOOKMARK [3][-]{subsubsection.2.4.1}{\376\377\000G\000e\000n\000e\000r\000a\000l\000-\000P\000u\000r\000p\000o\000s\000e\000\040\000M\000u\000l\000t\000i\000-\000A\000g\000e\000n\000t\000\040\000L\000L\000M\000\040\000F\000r\000a\000m\000e\000w\000o\000r\000k\000s}{subsection.2.4}% 19
\BOOKMARK [3][-]{subsubsection.2.4.2}{\376\377\000M\000u\000l\000t\000i\000-\000A\000g\000e\000n\000t\000\040\000A\000p\000p\000r\000o\000a\000c\000h\000e\000s\000\040\000i\000n\000\040\000t\000h\000e\000\040\000N\000e\000t\000w\000o\000r\000k\000i\000n\000g\000\040\000D\000o\000m\000a\000i\000n}{subsection.2.4}% 20
\BOOKMARK [3][-]{subsubsection.2.4.3}{\376\377\000R\000e\000l\000e\000v\000a\000n\000t\000\040\000T\000e\000c\000h\000n\000i\000q\000u\000e\000s}{subsection.2.4}% 21
\BOOKMARK [2][-]{subsection.2.5}{\376\377\000I\000d\000e\000n\000t\000i\000f\000i\000e\000d\000\040\000R\000e\000s\000e\000a\000r\000c\000h\000\040\000G\000a\000p\000s}{section*.3}% 22
\BOOKMARK [1][-]{section*.4}{\376\377\000C\000h\000a\000p\000t\000e\000r\000\040\0003\000:\000\040\000D\000e\000s\000i\000g\000n\000\040\000a\000n\000d\000\040\000I\000m\000p\000l\000e\000m\000e\000n\000t\000a\000t\000i\000o\000n}{}% 23
\BOOKMARK [2][-]{subsection.3.1}{\376\377\000S\000y\000s\000t\000e\000m\000\040\000O\000v\000e\000r\000v\000i\000e\000w\000\040\000a\000n\000d\000\040\000A\000r\000c\000h\000i\000t\000e\000c\000t\000u\000r\000a\000l\000\040\000P\000r\000i\000n\000c\000i\000p\000l\000e\000s}{section*.4}% 24
\BOOKMARK [2][-]{subsection.3.2}{\376\377\000T\000w\000o\000-\000T\000i\000e\000r\000\040\000S\000c\000h\000e\000d\000u\000l\000i\000n\000g\000\040\000F\000r\000a\000m\000e\000w\000o\000r\000k}{section*.4}% 25
\BOOKMARK [2][-]{subsection.3.3}{\376\377\000A\000g\000e\000n\000t\000\040\000R\000o\000l\000e\000\040\000D\000e\000f\000i\000n\000i\000t\000i\000o\000n\000\040\000a\000n\000d\000\040\000I\000n\000t\000e\000r\000n\000a\000l\000\040\000L\000o\000g\000i\000c}{section*.4}% 26
\BOOKMARK [2][-]{subsection.3.4}{\376\377\000P\000r\000o\000p\000o\000s\000a\000l\040\023\000E\000v\000a\000l\000u\000a\000t\000i\000o\000n\040\023\000N\000e\000g\000o\000t\000i\000a\000t\000i\000o\000n\000\040\000P\000r\000o\000t\000o\000c\000o\000l}{section*.4}% 27
\BOOKMARK [2][-]{subsection.3.5}{\376\377\000G\000y\000m\000n\000a\000s\000i\000u\000m\000-\000B\000a\000s\000e\000d\000\040\000S\000i\000m\000u\000l\000a\000t\000i\000o\000n\000\040\000E\000n\000v\000i\000r\000o\000n\000m\000e\000n\000t}{section*.4}% 28
\BOOKMARK [3][-]{subsubsection.3.5.1}{\376\377\000S\000t\000a\000t\000e\000\040\000S\000p\000a\000c\000e}{subsection.3.5}% 29
\BOOKMARK [3][-]{subsubsection.3.5.2}{\376\377\000A\000c\000t\000i\000o\000n\000\040\000S\000p\000a\000c\000e}{subsection.3.5}% 30
\BOOKMARK [3][-]{subsubsection.3.5.3}{\376\377\000C\000h\000a\000n\000n\000e\000l\000\040\000a\000n\000d\000\040\000T\000h\000r\000o\000u\000g\000h\000p\000u\000t\000\040\000M\000o\000d\000e\000l}{subsection.3.5}% 31
\BOOKMARK [3][-]{subsubsection.3.5.4}{\376\377\000S\000L\000A\000\040\000D\000e\000f\000i\000n\000i\000t\000i\000o\000n\000s}{subsection.3.5}% 32
\BOOKMARK [3][-]{subsubsection.3.5.5}{\376\377\000R\000e\000w\000a\000r\000d\000\040\000F\000u\000n\000c\000t\000i\000o\000n}{subsection.3.5}% 33
\BOOKMARK [3][-]{subsubsection.3.5.6}{\376\377\000T\000r\000a\000f\000f\000i\000c\000\040\000S\000c\000e\000n\000a\000r\000i\000o\000s}{subsection.3.5}% 34
\BOOKMARK [2][-]{subsection.3.6}{\376\377\000L\000a\000n\000g\000G\000r\000a\000p\000h\000-\000O\000r\000c\000h\000e\000s\000t\000r\000a\000t\000e\000d\000\040\000A\000g\000e\000n\000t\000\040\000W\000o\000r\000k\000f\000l\000o\000w}{section*.4}% 35
\BOOKMARK [2][-]{subsection.3.7}{\376\377\000B\000a\000s\000e\000l\000i\000n\000e\000\040\000M\000e\000t\000h\000o\000d\000s\000\040\000a\000n\000d\000\040\000I\000m\000p\000l\000e\000m\000e\000n\000t\000a\000t\000i\000o\000n\000\040\000D\000e\000t\000a\000i\000l\000s}{section*.4}% 36
\BOOKMARK [1][-]{section*.14}{\376\377\000C\000h\000a\000p\000t\000e\000r\000\040\0004\000:\000\040\000R\000e\000s\000u\000l\000t\000s\000\040\000a\000n\000d\000\040\000D\000i\000s\000c\000u\000s\000s\000i\000o\000n}{}% 37
\BOOKMARK [2][-]{subsection.4.1}{\376\377\000E\000x\000p\000e\000r\000i\000m\000e\000n\000t\000a\000l\000\040\000D\000e\000s\000i\000g\000n\000\040\000a\000n\000d\000\040\000E\000v\000a\000l\000u\000a\000t\000i\000o\000n\000\040\000M\000e\000t\000r\000i\000c\000s}{section*.14}% 38
\BOOKMARK [3][-]{subsubsection.4.1.1}{\376\377\000E\000x\000p\000e\000r\000i\000m\000e\000n\000t\000a\000l\000\040\000C\000o\000n\000f\000i\000g\000u\000r\000a\000t\000i\000o\000n}{subsection.4.1}% 39
\BOOKMARK [3][-]{subsubsection.4.1.2}{\376\377\000E\000v\000a\000l\000u\000a\000t\000i\000o\000n\000\040\000M\000e\000t\000r\000i\000c\000s}{subsection.4.1}% 40
\BOOKMARK [3][-]{subsubsection.4.1.3}{\376\377\000E\000x\000p\000e\000r\000i\000m\000e\000n\000t\000\040\000D\000e\000s\000i\000g\000n}{subsection.4.1}% 41
\BOOKMARK [2][-]{subsection.4.2}{\376\377\000C\000o\000r\000e\000\040\000P\000e\000r\000f\000o\000r\000m\000a\000n\000c\000e\000\040\000C\000o\000m\000p\000a\000r\000i\000s\000o\000n\000\040\000\050\000E\000x\000p\000e\000r\000i\000m\000e\000n\000t\000\040\0001\000\051}{section*.14}% 42
\BOOKMARK [3][-]{subsubsection.4.2.1}{\376\377\000O\000v\000e\000r\000a\000l\000l\000\040\000P\000e\000r\000f\000o\000r\000m\000a\000n\000c\000e}{subsection.4.2}% 43
\BOOKMARK [3][-]{subsubsection.4.2.2}{\376\377\000P\000e\000r\000-\000S\000l\000i\000c\000e\000\040\000S\000L\000A\000\040\000S\000a\000t\000i\000s\000f\000a\000c\000t\000i\000o\000n}{subsection.4.2}% 44
\BOOKMARK [3][-]{subsubsection.4.2.3}{\376\377\000B\000u\000r\000s\000t\000\040\000S\000c\000e\000n\000a\000r\000i\000o\000\040\000A\000d\000a\000p\000t\000a\000t\000i\000o\000n}{subsection.4.2}% 45
\BOOKMARK [3][-]{subsubsection.4.2.4}{\376\377\000P\000e\000r\000f\000o\000r\000m\000a\000n\000c\000e\000\040\000O\000v\000e\000r\000v\000i\000e\000w}{subsection.4.2}% 46
\BOOKMARK [2][-]{subsection.4.3}{\376\377\000N\000e\000g\000o\000t\000i\000a\000t\000i\000o\000n\000\040\000M\000e\000c\000h\000a\000n\000i\000s\000m\000\040\000V\000a\000l\000i\000d\000a\000t\000i\000o\000n\000\040\000\050\000E\000x\000p\000e\000r\000i\000m\000e\000n\000t\000\040\0002\000\051}{section*.14}% 47
\BOOKMARK [3][-]{subsubsection.4.3.1}{\376\377\000C\000o\000m\000p\000a\000r\000i\000s\000o\000n\000\040\000o\000f\000\040\000M\000u\000l\000t\000i\000-\000A\000g\000e\000n\000t\000\040\000V\000a\000r\000i\000a\000n\000t\000s}{subsection.4.3}% 48
\BOOKMARK [3][-]{subsubsection.4.3.2}{\376\377\000F\000a\000i\000r\000n\000e\000s\000s\000\040\000C\000o\000m\000p\000a\000r\000i\000s\000o\000n}{subsection.4.3}% 49
\BOOKMARK [3][-]{subsubsection.4.3.3}{\376\377\000P\000e\000r\000-\000S\000l\000i\000c\000e\000\040\000S\000L\000A\000\040\000A\000n\000a\000l\000y\000s\000i\000s}{subsection.4.3}% 50
\BOOKMARK [3][-]{subsubsection.4.3.4}{\376\377\000P\000e\000r\000f\000o\000r\000m\000a\000n\000c\000e\000\040\000O\000v\000e\000r\000v\000i\000e\000w}{subsection.4.3}% 51
\BOOKMARK [2][-]{subsection.4.4}{\376\377\000R\000e\000s\000u\000l\000t\000\040\000A\000n\000a\000l\000y\000s\000i\000s}{section*.14}% 52
\BOOKMARK [3][-]{subsubsection.4.4.1}{\376\377\000A\000d\000d\000r\000e\000s\000s\000i\000n\000g\000\040\000R\000Q\0001\000:\000\040\000M\000u\000l\000t\000i\000-\000A\000g\000e\000n\000t\000\040\000L\000L\000M\000\040\000v\000s\000.\000\040\000B\000a\000s\000e\000l\000i\000n\000e\000s}{subsection.4.4}% 53
\BOOKMARK [3][-]{subsubsection.4.4.2}{\376\377\000A\000d\000d\000r\000e\000s\000s\000i\000n\000g\000\040\000R\000Q\0002\000:\000\040\000V\000a\000l\000u\000e\000\040\000o\000f\000\040\000t\000h\000e\000\040\000N\000e\000g\000o\000t\000i\000a\000t\000i\000o\000n\000\040\000M\000e\000c\000h\000a\000n\000i\000s\000m}{subsection.4.4}% 54
\BOOKMARK [2][-]{subsection.4.5}{\376\377\000T\000h\000r\000e\000a\000t\000s\000\040\000t\000o\000\040\000V\000a\000l\000i\000d\000i\000t\000y\000\040\000a\000n\000d\000\040\000L\000i\000m\000i\000t\000a\000t\000i\000o\000n\000s}{section*.14}% 55
\BOOKMARK [2][-]{subsection.4.6}{\376\377\000P\000r\000a\000c\000t\000i\000c\000a\000l\000\040\000I\000m\000p\000l\000i\000c\000a\000t\000i\000o\000n\000s}{section*.14}% 56
\BOOKMARK [1][-]{section*.15}{\376\377\000C\000h\000a\000p\000t\000e\000r\000\040\0005\000:\000\040\000C\000o\000n\000c\000l\000u\000s\000i\000o\000n\000\040\000a\000n\000d\000\040\000F\000u\000r\000t\000h\000e\000r\000\040\000W\000o\000r\000k}{}% 57
\BOOKMARK [2][-]{subsection.5.1}{\376\377\000C\000o\000n\000c\000l\000u\000s\000i\000o\000n}{section*.15}% 58
\BOOKMARK [2][-]{subsection.5.2}{\376\377\000R\000e\000f\000l\000e\000c\000t\000i\000o\000n}{section*.15}% 59
\BOOKMARK [2][-]{subsection.5.3}{\376\377\000F\000u\000r\000t\000h\000e\000r\000\040\000W\000o\000r\000k}{section*.15}% 60
\BOOKMARK [1][-]{subsection.5.3}{\376\377\000R\000e\000f\000e\000r\000e\000n\000c\000e\000s}{}% 61
\BOOKMARK [1][-]{section*.16}{\376\377\000A\000c\000k\000n\000o\000w\000l\000e\000d\000g\000m\000e\000n\000t}{}% 62
\BOOKMARK [1][-]{section*.17}{\376\377\000A\000p\000p\000e\000n\000d\000i\000c\000e\000s}{}% 63
\BOOKMARK [2][-]{section*.18}{\376\377\000D\000i\000s\000c\000l\000a\000i\000m\000e\000r}{section*.17}% 64
\BOOKMARK [2][-]{section*.19}{\376\377\000A\000c\000k\000n\000o\000w\000l\000e\000d\000g\000e\000m\000e\000n\000t\000\040\000o\000f\000\040\000u\000s\000i\000n\000g\000\040\000G\000e\000n\000e\000r\000a\000t\000i\000v\000e\000\040\000A\000I}{section*.17}% 65
\BOOKMARK [2][-]{section*.20}{\376\377\000P\000r\000o\000j\000e\000c\000t\000\040\000s\000p\000e\000c\000i\000f\000i\000c\000a\000t\000i\000o\000n}{section*.17}% 66
\BOOKMARK [2][-]{section*.21}{\376\377\000E\000a\000r\000l\000y\000-\000t\000e\000r\000m\000\040\000p\000r\000o\000g\000r\000e\000s\000s\000\040\000r\000e\000p\000o\000r\000t}{section*.17}% 67
\BOOKMARK [2][-]{section*.22}{\376\377\000M\000i\000d\000-\000t\000e\000r\000m\000\040\000p\000r\000o\000g\000r\000e\000s\000s\000\040\000r\000e\000p\000o\000r\000t}{section*.17}% 68
\BOOKMARK [2][-]{section*.23}{\376\377\000S\000u\000p\000e\000r\000v\000i\000s\000i\000o\000n\000\040\000l\000o\000g}{section*.17}% 69
\BOOKMARK [2][-]{section*.24}{\376\377\000A\000d\000d\000i\000t\000i\000o\000n\000a\000l\000\040\000a\000p\000p\000e\000n\000d\000i\000c\000e\000s}{section*.17}% 70
\BOOKMARK [2][-]{section*.25}{\376\377\000P\000r\000o\000m\000p\000t\000\040\000T\000e\000m\000p\000l\000a\000t\000e\000s\000\040\000f\000o\000r\000\040\000E\000a\000c\000h\000\040\000A\000g\000e\000n\000t\000\040\000R\000o\000l\000e}{section*.17}% 71
\BOOKMARK [2][-]{section*.26}{\376\377\000A\000g\000e\000n\000t\000\040\000M\000e\000s\000s\000a\000g\000e\000\040\000F\000o\000r\000m\000a\000t\000\040\000\050\000J\000S\000O\000N\000\040\000S\000c\000h\000e\000m\000a\000\051}{section*.17}% 72
\BOOKMARK [2][-]{section*.27}{\376\377\000D\000R\000L\000\040\000T\000r\000a\000i\000n\000i\000n\000g\000\040\000C\000o\000n\000v\000e\000r\000g\000e\000n\000c\000e\000\040\000C\000u\000r\000v\000e\000s}{section*.17}% 73
\BOOKMARK [1][-]{section*.28}{\376\377\000R\000i\000s\000k\000\040\000a\000n\000d\000\040\000E\000n\000v\000i\000r\000o\000n\000m\000e\000n\000t\000a\000l\000\040\000I\000m\000p\000a\000c\000t\000\040\000A\000s\000s\000e\000s\000s\000m\000e\000n\000t}{}% 74
